<?xml version="1.0" encoding="UTF-8"?>
<coverage generated="1597167090915" clover="3.2.0">
  <project timestamp="1597167090915" name="All files">
    <metrics statements="17" coveredstatements="15" conditionals="8" coveredconditionals="6" methods="2" coveredmethods="2" elements="27" coveredelements="23" complexity="0" loc="17" ncloc="17" packages="1" files="1" classes="1"/>
    <file name="cipher.js" path="N:\Laboratoria\Cifrado Cesar\LIM013-cipher\src\cipher.js">
      <metrics statements="17" coveredstatements="15" conditionals="8" coveredconditionals="6" methods="2" coveredmethods="2"/>
      <line num="1" count="1" type="stmt"/>
      <line num="5" count="1" type="stmt"/>
      <line num="7" count="1" type="stmt"/>
      <line num="8" count="26" type="stmt"/>
      <line num="9" count="26" type="stmt"/>
      <line num="11" count="26" type="cond" truecount="3" falsecount="1"/>
      <line num="12" count="26" type="stmt"/>
      <line num="19" count="0" type="stmt"/>
      <line num="22" count="1" type="stmt"/>
      <line num="27" count="1" type="stmt"/>
      <line num="29" count="1" type="stmt"/>
      <line num="30" count="26" type="stmt"/>
      <line num="31" count="26" type="stmt"/>
      <line num="33" count="26" type="cond" truecount="3" falsecount="1"/>
      <line num="34" count="26" type="stmt"/>
      <line num="40" count="0" type="stmt"/>
      <line num="43" count="1" type="stmt"/>
    </file>
  </project>
</coverage>
