<?xml version="1.0" encoding="UTF-8"?>
<coverage generated="1597076754471" clover="3.2.0">
  <project timestamp="1597076754471" name="All files">
    <metrics statements="19" coveredstatements="19" conditionals="8" coveredconditionals="6" methods="2" coveredmethods="2" elements="29" coveredelements="27" complexity="0" loc="19" ncloc="19" packages="1" files="1" classes="1"/>
    <file name="cipher.js" path="N:\Laboratoria\Cifrado Cesar\LIM013-cipher\src\cipher.js">
      <metrics statements="19" coveredstatements="19" conditionals="8" coveredconditionals="6" methods="2" coveredmethods="2"/>
      <line num="1" count="1" type="stmt"/>
      <line num="5" count="1" type="stmt"/>
      <line num="7" count="1" type="stmt"/>
      <line num="8" count="26" type="stmt"/>
      <line num="9" count="26" type="stmt"/>
      <line num="11" count="26" type="cond" truecount="3" falsecount="1"/>
      <line num="12" count="26" type="stmt"/>
      <line num="15" count="26" type="stmt"/>
      <line num="17" count="26" type="stmt"/>
      <line num="19" count="1" type="stmt"/>
      <line num="24" count="1" type="stmt"/>
      <line num="26" count="1" type="stmt"/>
      <line num="27" count="26" type="stmt"/>
      <line num="28" count="26" type="stmt"/>
      <line num="30" count="26" type="cond" truecount="3" falsecount="1"/>
      <line num="31" count="26" type="stmt"/>
      <line num="34" count="26" type="stmt"/>
      <line num="36" count="26" type="stmt"/>
      <line num="38" count="1" type="stmt"/>
    </file>
  </project>
</coverage>
