{"N:\\Laboratoria\\Cifrado Cesar\\LIM013-cipher\\src\\cipher.js": {"path":"N:\\Laboratoria\\Cifrado Cesar\\LIM013-cipher\\src\\cipher.js","statementMap":{"0":{"start":{"line":1,"column":15},"end":{"line":40,"column":1}},"1":{"start":{"line":5,"column":22},"end":{"line":5,"column":24}},"2":{"start":{"line":7,"column":6},"end":{"line":18,"column":7}},"3":{"start":{"line":7,"column":26},"end":{"line":7,"column":27}},"4":{"start":{"line":8,"column":21},"end":{"line":8,"column":36}},"5":{"start":{"line":9,"column":32},"end":{"line":9,"column":51}},"6":{"start":{"line":11,"column":9},"end":{"line":13,"column":10}},"7":{"start":{"line":12,"column":32},"end":{"line":12,"column":91}},"8":{"start":{"line":15,"column":26},"end":{"line":15,"column":60}},"9":{"start":{"line":17,"column":9},"end":{"line":17,"column":44}},"10":{"start":{"line":19,"column":6},"end":{"line":19,"column":23}},"11":{"start":{"line":24,"column":22},"end":{"line":24,"column":24}},"12":{"start":{"line":26,"column":6},"end":{"line":37,"column":7}},"13":{"start":{"line":26,"column":26},"end":{"line":26,"column":27}},"14":{"start":{"line":27,"column":21},"end":{"line":27,"column":36}},"15":{"start":{"line":28,"column":32},"end":{"line":28,"column":51}},"16":{"start":{"line":30,"column":9},"end":{"line":32,"column":10}},"17":{"start":{"line":31,"column":32},"end":{"line":31,"column":91}},"18":{"start":{"line":34,"column":26},"end":{"line":34,"column":60}},"19":{"start":{"line":36,"column":9},"end":{"line":36,"column":44}},"20":{"start":{"line":38,"column":6},"end":{"line":38,"column":23}}},"fnMap":{"0":{"name":"(anonymous_0)","decl":{"start":{"line":3,"column":11},"end":{"line":3,"column":12}},"loc":{"start":{"line":3,"column":47},"end":{"line":20,"column":4}},"line":3},"1":{"name":"(anonymous_1)","decl":{"start":{"line":22,"column":11},"end":{"line":22,"column":12}},"loc":{"start":{"line":22,"column":47},"end":{"line":39,"column":4}},"line":22}},"branchMap":{"0":{"loc":{"start":{"line":11,"column":9},"end":{"line":13,"column":10}},"type":"if","locations":[{"start":{"line":11,"column":9},"end":{"line":13,"column":10}},{"start":{"line":11,"column":9},"end":{"line":13,"column":10}}],"line":11},"1":{"loc":{"start":{"line":11,"column":13},"end":{"line":11,"column":61}},"type":"binary-expr","locations":[{"start":{"line":11,"column":13},"end":{"line":11,"column":35}},{"start":{"line":11,"column":39},"end":{"line":11,"column":61}}],"line":11},"2":{"loc":{"start":{"line":30,"column":9},"end":{"line":32,"column":10}},"type":"if","locations":[{"start":{"line":30,"column":9},"end":{"line":32,"column":10}},{"start":{"line":30,"column":9},"end":{"line":32,"column":10}}],"line":30},"3":{"loc":{"start":{"line":30,"column":13},"end":{"line":30,"column":61}},"type":"binary-expr","locations":[{"start":{"line":30,"column":13},"end":{"line":30,"column":35}},{"start":{"line":30,"column":39},"end":{"line":30,"column":61}}],"line":30}},"s":{"0":1,"1":1,"2":1,"3":1,"4":26,"5":26,"6":26,"7":26,"8":26,"9":26,"10":1,"11":1,"12":1,"13":1,"14":26,"15":26,"16":26,"17":26,"18":26,"19":26,"20":1},"f":{"0":1,"1":1},"b":{"0":[26,0],"1":[26,26],"2":[26,0],"3":[26,26]},"_coverageSchema":"43e27e138ebf9cfc5966b082cf9a028302ed4184","hash":"345ae093a23929f630fd804498cc8942ed7b3849"}
}
